[2024-02-28 12:39:16] local.ERROR: ErrorException: Unable to merge @OA\Post() in \App\Http\Controllers\Users\AuthController->changePassword() in /usr/www/sergey/zems-back/app/Http/Controllers/Users/AuthController.php on line 157 in /usr/www/sergey/zems-back/vendor/zircote/swagger-php/src/Loggers/DefaultLogger.php:31
Stack trace:
#0 [internal function]: Illuminate\Foundation\Bootstrap\HandleExceptions->handleError()
#1 /usr/www/sergey/zems-back/vendor/zircote/swagger-php/src/Loggers/DefaultLogger.php(31): trigger_error()
#2 /usr/www/sergey/zems-back/vendor/psr/log/src/LoggerTrait.php(86): OpenApi\Loggers\DefaultLogger->log()
#3 /usr/www/sergey/zems-back/vendor/zircote/swagger-php/src/Processors/BuildPaths.php(52): Psr\Log\AbstractLogger->warning()
#4 /usr/www/sergey/zems-back/vendor/zircote/swagger-php/src/Analysis.php(419): OpenApi\Processors\BuildPaths->__invoke()
#5 /usr/www/sergey/zems-back/vendor/zircote/swagger-php/src/Generator.php(458): OpenApi\Analysis->process()
#6 /usr/www/sergey/zems-back/vendor/darkaonline/l5-swagger/src/Generator.php(191): OpenApi\Generator->generate()
#7 /usr/www/sergey/zems-back/vendor/darkaonline/l5-swagger/src/Generator.php(132): L5Swagger\Generator->scanFilesForDocumentation()
#8 /usr/www/sergey/zems-back/vendor/darkaonline/l5-swagger/src/Http/Controllers/SwaggerController.php(64): L5Swagger\Generator->generateDocs()
#9 /usr/www/sergey/zems-back/vendor/laravel/framework/src/Illuminate/Routing/Controller.php(54): L5Swagger\Http\Controllers\SwaggerController->docs()
#10 /usr/www/sergey/zems-back/vendor/laravel/framework/src/Illuminate/Routing/ControllerDispatcher.php(45): Illuminate\Routing\Controller->callAction()
#11 /usr/www/sergey/zems-back/vendor/laravel/framework/src/Illuminate/Routing/Route.php(262): Illuminate\Routing\ControllerDispatcher->dispatch()
#12 /usr/www/sergey/zems-back/vendor/laravel/framework/src/Illuminate/Routing/Route.php(205): Illuminate\Routing\Route->runController()
#13 /usr/www/sergey/zems-back/vendor/laravel/framework/src/Illuminate/Routing/Router.php(721): Illuminate\Routing\Route->run()
#14 /usr/www/sergey/zems-back/vendor/laravel/framework/src/Illuminate/Pipeline/Pipeline.php(128): Illuminate\Routing\Router->Illuminate\Routing\{closure}()
#15 /usr/www/sergey/zems-back/vendor/darkaonline/l5-swagger/src/Http/Middleware/Config.php(44): Illuminate\Pipeline\Pipeline->Illuminate\Pipeline\{closure}()
#16 /usr/www/sergey/zems-back/vendor/laravel/framework/src/Illuminate/Pipeline/Pipeline.php(167): L5Swagger\Http\Middleware\Config->handle()
#17 /usr/www/sergey/zems-back/vendor/laravel/framework/src/Illuminate/Pipeline/Pipeline.php(103): Illuminate\Pipeline\Pipeline->Illuminate\Pipeline\{closure}()
#18 /usr/www/sergey/zems-back/vendor/laravel/framework/src/Illuminate/Routing/Router.php(723): Illuminate\Pipeline\Pipeline->then()
#19 /usr/www/sergey/zems-back/vendor/laravel/framework/src/Illuminate/Routing/Router.php(698): Illuminate\Routing\Router->runRouteWithinStack()
#20 /usr/www/sergey/zems-back/vendor/laravel/framework/src/Illuminate/Routing/Router.php(662): Illuminate\Routing\Router->runRoute()
#21 /usr/www/sergey/zems-back/vendor/laravel/framework/src/Illuminate/Routing/Router.php(651): Illuminate\Routing\Router->dispatchToRoute()
#22 /usr/www/sergey/zems-back/vendor/laravel/framework/src/Illuminate/Foundation/Http/Kernel.php(167): Illuminate\Routing\Router->dispatch()
#23 /usr/www/sergey/zems-back/vendor/laravel/framework/src/Illuminate/Pipeline/Pipeline.php(128): Illuminate\Foundation\Http\Kernel->Illuminate\Foundation\Http\{closure}()
#24 /usr/www/sergey/zems-back/vendor/laravel/framework/src/Illuminate/Foundation/Http/Middleware/TransformsRequest.php(21): Illuminate\Pipeline\Pipeline->Illuminate\Pipeline\{closure}()
#25 /usr/www/sergey/zems-back/vendor/laravel/framework/src/Illuminate/Foundation/Http/Middleware/ConvertEmptyStringsToNull.php(31): Illuminate\Foundation\Http\Middleware\TransformsRequest->handle()
#26 /usr/www/sergey/zems-back/vendor/laravel/framework/src/Illuminate/Pipeline/Pipeline.php(167): Illuminate\Foundation\Http\Middleware\ConvertEmptyStringsToNull->handle()
#27 /usr/www/sergey/zems-back/vendor/laravel/framework/src/Illuminate/Foundation/Http/Middleware/TransformsRequest.php(21): Illuminate\Pipeline\Pipeline->Illuminate\Pipeline\{closure}()
#28 /usr/www/sergey/zems-back/vendor/laravel/framework/src/Illuminate/Foundation/Http/Middleware/TrimStrings.php(40): Illuminate\Foundation\Http\Middleware\TransformsRequest->handle()
#29 /usr/www/sergey/zems-back/vendor/laravel/framework/src/Illuminate/Pipeline/Pipeline.php(167): Illuminate\Foundation\Http\Middleware\TrimStrings->handle()
#30 /usr/www/sergey/zems-back/vendor/laravel/framework/src/Illuminate/Foundation/Http/Middleware/ValidatePostSize.php(27): Illuminate\Pipeline\Pipeline->Illuminate\Pipeline\{closure}()
#31 /usr/www/sergey/zems-back/vendor/laravel/framework/src/Illuminate/Pipeline/Pipeline.php(167): Illuminate\Foundation\Http\Middleware\ValidatePostSize->handle()
#32 /usr/www/sergey/zems-back/vendor/laravel/framework/src/Illuminate/Foundation/Http/Middleware/PreventRequestsDuringMaintenance.php(86): Illuminate\Pipeline\Pipeline->Illuminate\Pipeline\{closure}()
#33 /usr/www/sergey/zems-back/vendor/laravel/framework/src/Illuminate/Pipeline/Pipeline.php(167): Illuminate\Foundation\Http\Middleware\PreventRequestsDuringMaintenance->handle()
#34 /usr/www/sergey/zems-back/vendor/fruitcake/laravel-cors/src/HandleCors.php(38): Illuminate\Pipeline\Pipeline->Illuminate\Pipeline\{closure}()
#35 /usr/www/sergey/zems-back/vendor/laravel/framework/src/Illuminate/Pipeline/Pipeline.php(167): Fruitcake\Cors\HandleCors->handle()
#36 /usr/www/sergey/zems-back/vendor/laravel/framework/src/Illuminate/Http/Middleware/TrustProxies.php(39): Illuminate\Pipeline\Pipeline->Illuminate\Pipeline\{closure}()
#37 /usr/www/sergey/zems-back/vendor/laravel/framework/src/Illuminate/Pipeline/Pipeline.php(167): Illuminate\Http\Middleware\TrustProxies->handle()
#38 /usr/www/sergey/zems-back/vendor/laravel/framework/src/Illuminate/Pipeline/Pipeline.php(103): Illuminate\Pipeline\Pipeline->Illuminate\Pipeline\{closure}()
#39 /usr/www/sergey/zems-back/vendor/laravel/framework/src/Illuminate/Foundation/Http/Kernel.php(142): Illuminate\Pipeline\Pipeline->then()
#40 /usr/www/sergey/zems-back/vendor/laravel/framework/src/Illuminate/Foundation/Http/Kernel.php(111): Illuminate\Foundation\Http\Kernel->sendRequestThroughRouter()
#41 /usr/www/sergey/zems-back/public/index.php(52): Illuminate\Foundation\Http\Kernel->handle()
#42 {main}  
